<?xml version="1.0" encoding="UTF-8"?>
<!-- Generated by org.testng.reporters.JUnitReportReporter -->
<testsuite skipped="0" hostname="DESKTOP-312STKE" name="com.st.tests.SnapTravelTest" tests="1" failures="0" timestamp="10 Jul 2019 02:58:37 GMT" time="26.696" errors="0">
  <testcase name="homepageTests" time="26.696" classname="com.st.tests.SnapTravelTest"/>
</testsuite> <!-- com.st.tests.SnapTravelTest -->
