<?xml version="1.0" encoding="UTF-8"?>
<!-- Generated by org.testng.reporters.JUnitReportReporter -->
<testsuite skipped="0" hostname="DESKTOP-312STKE" name="tests.SnapTravelTest" tests="1" failures="0" timestamp="09 Jul 2019 23:28:17 GMT" time="24.942" errors="0">
  <testcase name="homepageTests" time="24.942" classname="tests.SnapTravelTest"/>
</testsuite> <!-- tests.SnapTravelTest -->
